[0m12:20:33.719506 [debug] [MainThread]: Sending event: {'category': 'dbt', 'action': 'invocation', 'label': 'start', 'context': [<snowplow_tracker.self_describing_json.SelfDescribingJson object at 0x0000029F3CE0C490>, <snowplow_tracker.self_describing_json.SelfDescribingJson object at 0x0000029F3CE0CAD0>, <snowplow_tracker.self_describing_json.SelfDescribingJson object at 0x0000029F3CE0C810>]}


============================== 12:20:33.730607 | 70a31cfa-3d5c-4a1f-9f8d-90576c8e2f98 ==============================
[0m12:20:33.730607 [info ] [MainThread]: Running with dbt=1.7.10
[0m12:20:33.730607 [debug] [MainThread]: running dbt with arguments {'printer_width': '80', 'indirect_selection': 'eager', 'log_cache_events': 'False', 'write_json': 'True', 'partial_parse': 'True', 'cache_selected_only': 'False', 'warn_error': 'None', 'fail_fast': 'False', 'version_check': 'True', 'log_path': 'logs', 'profiles_dir': 'C:\\Users\\Akshay.Funde\\.dbt', 'debug': 'False', 'use_colors': 'True', 'use_experimental_parser': 'False', 'no_print': 'None', 'quiet': 'False', 'log_format': 'default', 'static_parser': 'True', 'warn_error_options': 'WarnErrorOptions(include=[], exclude=[])', 'invocation_command': 'dbt init', 'target_path': 'None', 'introspect': 'True', 'send_anonymous_usage_stats': 'True'}
[0m12:20:50.370212 [debug] [MainThread]: Starter project path: C:\Users\Akshay.Funde\AppData\Local\Programs\Python\Python311\Lib\site-packages\dbt\include\starter_project
[0m12:20:50.391382 [info ] [MainThread]: 
Your new dbt project "postgres_dev" was created!

For more information on how to configure the profiles.yml file,
please consult the dbt documentation here:

  https://docs.getdbt.com/docs/configure-your-profile

One more thing:

Need help? Don't hesitate to reach out to us via GitHub issues or on Slack:

  https://community.getdbt.com/

Happy modeling!

[0m12:20:50.391382 [info ] [MainThread]: Setting up your profile.
[0m12:24:31.240246 [info ] [MainThread]: Profile postgres_dev written to C:\Users\Akshay.Funde\.dbt\profiles.yml using target's profile_template.yml and your supplied values. Run 'dbt debug' to validate the connection.
[0m12:24:31.240246 [debug] [MainThread]: Command `dbt init` succeeded at 12:24:31.240246 after 237.54 seconds
[0m12:24:31.240246 [debug] [MainThread]: Sending event: {'category': 'dbt', 'action': 'invocation', 'label': 'end', 'context': [<snowplow_tracker.self_describing_json.SelfDescribingJson object at 0x0000029F36310950>, <snowplow_tracker.self_describing_json.SelfDescribingJson object at 0x0000029F3C9E2810>, <snowplow_tracker.self_describing_json.SelfDescribingJson object at 0x0000029F3C904F90>]}
[0m12:24:31.240246 [debug] [MainThread]: Flushing usage events
[0m12:30:09.436141 [debug] [MainThread]: Sending event: {'category': 'dbt', 'action': 'invocation', 'label': 'start', 'context': [<snowplow_tracker.self_describing_json.SelfDescribingJson object at 0x00000194EDEF6190>, <snowplow_tracker.self_describing_json.SelfDescribingJson object at 0x00000194EC9458D0>, <snowplow_tracker.self_describing_json.SelfDescribingJson object at 0x00000194EDEF0E90>]}


============================== 12:30:09.436141 | cde0dfd2-d412-43be-977c-8e213513ce11 ==============================
[0m12:30:09.436141 [info ] [MainThread]: Running with dbt=1.7.10
[0m12:30:09.436141 [debug] [MainThread]: running dbt with arguments {'printer_width': '80', 'indirect_selection': 'eager', 'write_json': 'True', 'log_cache_events': 'False', 'partial_parse': 'True', 'cache_selected_only': 'False', 'profiles_dir': 'C:\\Users\\Akshay.Funde\\.dbt', 'debug': 'False', 'version_check': 'True', 'log_path': 'logs', 'warn_error': 'None', 'fail_fast': 'False', 'use_colors': 'True', 'use_experimental_parser': 'False', 'no_print': 'None', 'quiet': 'False', 'warn_error_options': 'WarnErrorOptions(include=[], exclude=[])', 'invocation_command': 'dbt debug', 'log_format': 'default', 'introspect': 'True', 'target_path': 'None', 'static_parser': 'True', 'send_anonymous_usage_stats': 'True'}
[0m12:30:09.436141 [info ] [MainThread]: dbt version: 1.7.10
[0m12:30:09.436141 [info ] [MainThread]: python version: 3.11.8
[0m12:30:09.436141 [info ] [MainThread]: python path: C:\Users\Akshay.Funde\AppData\Local\Programs\Python\Python311\python.exe
[0m12:30:09.436141 [info ] [MainThread]: os info: Windows-10-10.0.19045-SP0
[0m12:30:09.505321 [info ] [MainThread]: Using profiles dir at C:\Users\Akshay.Funde\.dbt
[0m12:30:09.505321 [info ] [MainThread]: Using profiles.yml file at C:\Users\Akshay.Funde\.dbt\profiles.yml
[0m12:30:09.505321 [info ] [MainThread]: Using dbt_project.yml file at D:\bootcamp_project\dbt_project.yml
[0m12:30:09.505321 [info ] [MainThread]: adapter type: postgres
[0m12:30:09.505321 [info ] [MainThread]: adapter version: 1.7.10
[0m12:30:09.505321 [info ] [MainThread]: Configuration:
[0m12:30:09.505321 [info ] [MainThread]:   profiles.yml file [[32mOK found and valid[0m]
[0m12:30:09.505321 [info ] [MainThread]:   dbt_project.yml file [[31mERROR not found[0m]
[0m12:30:09.505321 [info ] [MainThread]: Required dependencies:
[0m12:30:09.505321 [debug] [MainThread]: Executing "git --help"
[0m12:30:09.536497 [debug] [MainThread]: STDOUT: "b"usage: git [-v | --version] [-h | --help] [-C <path>] [-c <name>=<value>]\n           [--exec-path[=<path>]] [--html-path] [--man-path] [--info-path]\n           [-p | --paginate | -P | --no-pager] [--no-replace-objects] [--bare]\n           [--git-dir=<path>] [--work-tree=<path>] [--namespace=<name>]\n           [--config-env=<name>=<envvar>] <command> [<args>]\n\nThese are common Git commands used in various situations:\n\nstart a working area (see also: git help tutorial)\n   clone     Clone a repository into a new directory\n   init      Create an empty Git repository or reinitialize an existing one\n\nwork on the current change (see also: git help everyday)\n   add       Add file contents to the index\n   mv        Move or rename a file, a directory, or a symlink\n   restore   Restore working tree files\n   rm        Remove files from the working tree and from the index\n\nexamine the history and state (see also: git help revisions)\n   bisect    Use binary search to find the commit that introduced a bug\n   diff      Show changes between commits, commit and working tree, etc\n   grep      Print lines matching a pattern\n   log       Show commit logs\n   show      Show various types of objects\n   status    Show the working tree status\n\ngrow, mark and tweak your common history\n   branch    List, create, or delete branches\n   commit    Record changes to the repository\n   merge     Join two or more development histories together\n   rebase    Reapply commits on top of another base tip\n   reset     Reset current HEAD to the specified state\n   switch    Switch branches\n   tag       Create, list, delete or verify a tag object signed with GPG\n\ncollaborate (see also: git help workflows)\n   fetch     Download objects and refs from another repository\n   pull      Fetch from and integrate with another repository or a local branch\n   push      Update remote refs along with associated objects\n\n'git help -a' and 'git help -g' list available subcommands and some\nconcept guides. See 'git help <command>' or 'git help <concept>'\nto read about a specific subcommand or concept.\nSee 'git help git' for an overview of the system.\n""
[0m12:30:09.536497 [debug] [MainThread]: STDERR: "b''"
[0m12:30:09.536497 [info ] [MainThread]:  - git [[32mOK found[0m]

[0m12:30:09.536497 [info ] [MainThread]: Connection:
[0m12:30:09.536497 [info ] [MainThread]:   host: localhost
[0m12:30:09.536497 [info ] [MainThread]:   port: 5432
[0m12:30:09.552094 [info ] [MainThread]:   user: postgres
[0m12:30:09.552094 [info ] [MainThread]:   database: bootcamp_project
[0m12:30:09.552094 [info ] [MainThread]:   schema: public
[0m12:30:09.552094 [info ] [MainThread]:   connect_timeout: 10
[0m12:30:09.552094 [info ] [MainThread]:   role: None
[0m12:30:09.552094 [info ] [MainThread]:   search_path: None
[0m12:30:09.552094 [info ] [MainThread]:   keepalives_idle: 0
[0m12:30:09.552094 [info ] [MainThread]:   sslmode: None
[0m12:30:09.552094 [info ] [MainThread]:   sslcert: None
[0m12:30:09.552094 [info ] [MainThread]:   sslkey: None
[0m12:30:09.552094 [info ] [MainThread]:   sslrootcert: None
[0m12:30:09.552094 [info ] [MainThread]:   application_name: dbt
[0m12:30:09.552094 [info ] [MainThread]:   retries: 1
[0m12:30:09.552094 [info ] [MainThread]: Registered adapter: postgres=1.7.10
[0m12:30:09.552094 [debug] [MainThread]: Acquiring new postgres connection 'debug'
[0m12:30:09.552094 [debug] [MainThread]: Using postgres connection "debug"
[0m12:30:09.552094 [debug] [MainThread]: On debug: select 1 as id
[0m12:30:09.552094 [debug] [MainThread]: Opening a new connection, currently in state init
[0m12:30:09.573915 [debug] [MainThread]: SQL status: SELECT 1 in 0.0 seconds
[0m12:30:09.573915 [debug] [MainThread]: On debug: Close
[0m12:30:09.573915 [info ] [MainThread]:   Connection test: [[32mOK connection ok[0m]

[0m12:30:09.573915 [info ] [MainThread]: [31m1 check failed:[0m
[0m12:30:09.573915 [info ] [MainThread]: Project loading failed for the following reason:
 project path <D:\bootcamp_project\dbt_project.yml> not found

[0m12:30:09.573915 [debug] [MainThread]: Command `dbt debug` failed at 12:30:09.573915 after 0.19 seconds
[0m12:30:09.573915 [debug] [MainThread]: Connection 'debug' was properly closed.
[0m12:30:09.573915 [debug] [MainThread]: Sending event: {'category': 'dbt', 'action': 'invocation', 'label': 'end', 'context': [<snowplow_tracker.self_describing_json.SelfDescribingJson object at 0x00000194EDB32DD0>, <snowplow_tracker.self_describing_json.SelfDescribingJson object at 0x00000194EE024550>, <snowplow_tracker.self_describing_json.SelfDescribingJson object at 0x00000194E74D8310>]}
[0m12:30:09.589619 [debug] [MainThread]: Flushing usage events
[0m10:48:09.415300 [debug] [MainThread]: Sending event: {'category': 'dbt', 'action': 'invocation', 'label': 'start', 'context': [<snowplow_tracker.self_describing_json.SelfDescribingJson object at 0x00000158A04D0590>, <snowplow_tracker.self_describing_json.SelfDescribingJson object at 0x000001589FF95650>, <snowplow_tracker.self_describing_json.SelfDescribingJson object at 0x00000158A04A0790>]}


============================== 10:48:09.415300 | 7aedc7c5-6c1d-4afd-8a54-55ef3304c4c8 ==============================
[0m10:48:09.415300 [info ] [MainThread]: Running with dbt=1.7.10
[0m10:48:09.415300 [debug] [MainThread]: running dbt with arguments {'printer_width': '80', 'indirect_selection': 'eager', 'log_cache_events': 'False', 'write_json': 'True', 'partial_parse': 'True', 'cache_selected_only': 'False', 'profiles_dir': 'C:\\Users\\Akshay.Funde\\.dbt', 'version_check': 'True', 'debug': 'False', 'log_path': 'logs', 'fail_fast': 'False', 'warn_error': 'None', 'use_colors': 'True', 'use_experimental_parser': 'False', 'no_print': 'None', 'quiet': 'False', 'log_format': 'default', 'invocation_command': 'dbt debug', 'static_parser': 'True', 'warn_error_options': 'WarnErrorOptions(include=[], exclude=[])', 'target_path': 'None', 'introspect': 'True', 'send_anonymous_usage_stats': 'True'}
[0m10:48:09.415300 [info ] [MainThread]: dbt version: 1.7.10
[0m10:48:09.415300 [info ] [MainThread]: python version: 3.11.8
[0m10:48:09.415300 [info ] [MainThread]: python path: C:\Users\Akshay.Funde\AppData\Local\Programs\Python\Python311\python.exe
[0m10:48:09.415300 [info ] [MainThread]: os info: Windows-10-10.0.19045-SP0
[0m10:48:09.473342 [info ] [MainThread]: Using profiles dir at C:\Users\Akshay.Funde\.dbt
[0m10:48:09.473342 [info ] [MainThread]: Using profiles.yml file at C:\Users\Akshay.Funde\.dbt\profiles.yml
[0m10:48:09.473342 [info ] [MainThread]: Using dbt_project.yml file at D:\bootcamp_project\dbt_project.yml
[0m10:48:09.473342 [info ] [MainThread]: adapter type: postgres
[0m10:48:09.473342 [info ] [MainThread]: adapter version: 1.7.10
[0m10:48:09.473342 [info ] [MainThread]: Configuration:
[0m10:48:09.473342 [info ] [MainThread]:   profiles.yml file [[32mOK found and valid[0m]
[0m10:48:09.473342 [info ] [MainThread]:   dbt_project.yml file [[31mERROR not found[0m]
[0m10:48:09.473342 [info ] [MainThread]: Required dependencies:
[0m10:48:09.473342 [debug] [MainThread]: Executing "git --help"
[0m10:48:09.505085 [debug] [MainThread]: STDOUT: "b"usage: git [-v | --version] [-h | --help] [-C <path>] [-c <name>=<value>]\n           [--exec-path[=<path>]] [--html-path] [--man-path] [--info-path]\n           [-p | --paginate | -P | --no-pager] [--no-replace-objects] [--bare]\n           [--git-dir=<path>] [--work-tree=<path>] [--namespace=<name>]\n           [--config-env=<name>=<envvar>] <command> [<args>]\n\nThese are common Git commands used in various situations:\n\nstart a working area (see also: git help tutorial)\n   clone     Clone a repository into a new directory\n   init      Create an empty Git repository or reinitialize an existing one\n\nwork on the current change (see also: git help everyday)\n   add       Add file contents to the index\n   mv        Move or rename a file, a directory, or a symlink\n   restore   Restore working tree files\n   rm        Remove files from the working tree and from the index\n\nexamine the history and state (see also: git help revisions)\n   bisect    Use binary search to find the commit that introduced a bug\n   diff      Show changes between commits, commit and working tree, etc\n   grep      Print lines matching a pattern\n   log       Show commit logs\n   show      Show various types of objects\n   status    Show the working tree status\n\ngrow, mark and tweak your common history\n   branch    List, create, or delete branches\n   commit    Record changes to the repository\n   merge     Join two or more development histories together\n   rebase    Reapply commits on top of another base tip\n   reset     Reset current HEAD to the specified state\n   switch    Switch branches\n   tag       Create, list, delete or verify a tag object signed with GPG\n\ncollaborate (see also: git help workflows)\n   fetch     Download objects and refs from another repository\n   pull      Fetch from and integrate with another repository or a local branch\n   push      Update remote refs along with associated objects\n\n'git help -a' and 'git help -g' list available subcommands and some\nconcept guides. See 'git help <command>' or 'git help <concept>'\nto read about a specific subcommand or concept.\nSee 'git help git' for an overview of the system.\n""
[0m10:48:09.505085 [debug] [MainThread]: STDERR: "b''"
[0m10:48:09.505085 [info ] [MainThread]:  - git [[32mOK found[0m]

[0m10:48:09.505085 [info ] [MainThread]: Connection:
[0m10:48:09.505085 [info ] [MainThread]:   host: localhost
[0m10:48:09.505085 [info ] [MainThread]:   port: 5432
[0m10:48:09.505085 [info ] [MainThread]:   user: postgres
[0m10:48:09.505085 [info ] [MainThread]:   database: bootcamp_project
[0m10:48:09.505085 [info ] [MainThread]:   schema: public
[0m10:48:09.505085 [info ] [MainThread]:   connect_timeout: 10
[0m10:48:09.505085 [info ] [MainThread]:   role: None
[0m10:48:09.505085 [info ] [MainThread]:   search_path: None
[0m10:48:09.505085 [info ] [MainThread]:   keepalives_idle: 0
[0m10:48:09.505085 [info ] [MainThread]:   sslmode: None
[0m10:48:09.505085 [info ] [MainThread]:   sslcert: None
[0m10:48:09.505085 [info ] [MainThread]:   sslkey: None
[0m10:48:09.505085 [info ] [MainThread]:   sslrootcert: None
[0m10:48:09.505085 [info ] [MainThread]:   application_name: dbt
[0m10:48:09.505085 [info ] [MainThread]:   retries: 1
[0m10:48:09.505085 [info ] [MainThread]: Registered adapter: postgres=1.7.10
[0m10:48:09.505085 [debug] [MainThread]: Acquiring new postgres connection 'debug'
[0m10:48:09.505085 [debug] [MainThread]: Using postgres connection "debug"
[0m10:48:09.505085 [debug] [MainThread]: On debug: select 1 as id
[0m10:48:09.505085 [debug] [MainThread]: Opening a new connection, currently in state init
[0m10:48:09.526414 [debug] [MainThread]: SQL status: SELECT 1 in 0.0 seconds
[0m10:48:09.526414 [debug] [MainThread]: On debug: Close
[0m10:48:09.526414 [info ] [MainThread]:   Connection test: [[32mOK connection ok[0m]

[0m10:48:09.526414 [info ] [MainThread]: [31m1 check failed:[0m
[0m10:48:09.526414 [info ] [MainThread]: Project loading failed for the following reason:
 project path <D:\bootcamp_project\dbt_project.yml> not found

[0m10:48:09.526414 [debug] [MainThread]: Command `dbt debug` failed at 10:48:09.526414 after 0.15 seconds
[0m10:48:09.526414 [debug] [MainThread]: Connection 'debug' was properly closed.
[0m10:48:09.526414 [debug] [MainThread]: Sending event: {'category': 'dbt', 'action': 'invocation', 'label': 'end', 'context': [<snowplow_tracker.self_describing_json.SelfDescribingJson object at 0x00000158A05AE750>, <snowplow_tracker.self_describing_json.SelfDescribingJson object at 0x00000158A05FBD50>, <snowplow_tracker.self_describing_json.SelfDescribingJson object at 0x00000158A05F98D0>]}
[0m10:48:09.526414 [debug] [MainThread]: Flushing usage events
